batch_then_drain 2048 23
I           4686          0
I           6984          1
I           13481          2
I           18          3
I           12400          4
I           705          5
I           5792          6
I           14263          7
I           410          8
I           136          9
I           1631          10
I           512          11
I           7174          12
I           8154          13
I           662          14
I           3670          15
I           1858          16
I           6147          17
I           11002          18
I           5863          19
I           16329          20
I           15391          21
I           12020          22
I           11392          23
I           15091          24
I           12920          25
I           3525          26
I           8212          27
I           12625          28
I           593          29
I           10010          30
I           8042          31
I           3268          32
I           1181          33
I           1445          34
I           10607          35
I           10468          36
I           3105          37
I           8766          38
I           8409          39
I           2051          40
I           5858          41
I           11138          42
I           5827          43
I           11544          44
I           16299          45
I           2204          46
I           15377          47
I           190          48
I           6233          49
I           9986          50
I           8394          51
I           9514          52
I           2023          53
I           40          54
I           5208          55
I           13116          56
I           15209          57
I           5791          58
I           146          59
I           9234          60
I           9449          61
I           596          62
I           2986          63
I           10365          64
I           3553          65
I           3902          66
I           8527          67
I           14004          68
I           3753          69
I           13447          70
I           13082          71
I           9720          72
I           7890          73
I           11482          74
I           11572          75
I           1795          76
I           6091          77
I           3318          78
I           6666          79
I           13698          80
I           8852          81
I           9864          82
I           13778          83
I           2508          84
I           7527          85
I           6751          86
I           15477          87
I           8017          88
I           6928          89
I           15769          90
I           4293          91
I           12000          92
I           12411          93
I           11700          94
I           4274          95
I           6846          96
I           15015          97
I           5697          98
I           7020          99
I           6227          100
I           8747          101
I           6144          102
I           3025          103
I           4082          104
I           6289          105
I           156          106
I           14516          107
I           3900          108
I           3488          109
I           11136          110
I           106          111
I           2586          112
I           10696          113
I           12122          114
I           14090          115
I           10906          116
I           1510          117
I           13526          118
I           15758          119
I           12260          120
I           1724          121
I           2760          122
I           2601          123
I           14356          124
I           14032          125
I           13233          126
I           3848          127
I           2589          128
I           12191          129
I           16331          130
I           8235          131
I           416          132
I           15187          133
I           2805          134
I           8813          135
I           4263          136
I           2877          137
I           7957          138
I           9078          139
I           7589          140
I           16189          141
I           13406          142
I           7832          143
I           4522          144
I           2709          145
I           11204          146
I           15883          147
I           10589          148
I           11583          149
I           13948          150
I           9149          151
I           1937          152
I           9229          153
I           8084          154
I           6529          155
I           4312          156
I           2021          157
I           3973          158
I           856          159
I           16322          160
I           3218          161
I           16321          162
I           4234          163
I           10773          164
I           6631          165
I           5338          166
I           7560          167
I           13513          168
I           3777          169
I           595          170
I           11190          171
I           16178          172
I           12311          173
I           10512          174
I           10410          175
I           11453          176
I           9572          177
I           10064          178
I           165          179
I           5881          180
I           5585          181
I           16226          182
I           5447          183
I           15467          184
I           1824          185
I           13188          186
I           7168          187
I           5859          188
I           4364          189
I           15639          190
I           14278          191
I           7030          192
I           9702          193
I           11326          194
I           5641          195
I           13682          196
I           4126          197
I           898          198
I           2448          199
I           5162          200
I           3092          201
I           5541          202
I           9075          203
I           7441          204
I           4507          205
I           1299          206
I           3105          207
I           7052          208
I           3143          209
I           15339          210
I           5849          211
I           5940          212
I           1829          213
I           11190          214
I           5625          215
I           1170          216
I           1703          217
I           13631          218
I           7052          219
I           739          220
I           14152          221
I           648          222
I           5301          223
I           3659          224
I           15671          225
I           14376          226
I           6845          227
I           9412          228
I           7126          229
I           5550          230
I           2258          231
I           2518          232
I           10895          233
I           4499          234
I           15470          235
I           3218          236
I           3073          237
I           2261          238
I           2031          239
I           14789          240
I           5577          241
I           4217          242
I           10449          243
I           133          244
I           5559          245
I           774          246
I           8663          247
I           12138          248
I           9169          249
I           1108          250
I           16264          251
I           1113          252
I           16363          253
I           15165          254
I           15951          255
I           6320          256
I           13225          257
I           1551          258
I           6317          259
I           2264          260
I           3737          261
I           10819          262
I           2771          263
I           7692          264
I           9126          265
I           10987          266
I           12122          267
I           11320          268
I           1313          269
I           4793          270
I           6838          271
I           1614          272
I           9576          273
I           7170          274
I           2641          275
I           10299          276
I           8114          277
I           491          278
I           8618          279
I           5017          280
I           6319          281
I           5801          282
I           7564          283
I           42          284
I           5401          285
I           11920          286
I           1274          287
I           5905          288
I           1408          289
I           6446          290
I           8889          291
I           14340          292
I           15518          293
I           11672          294
I           1527          295
I           5241          296
I           13514          297
I           2578          298
I           3525          299
I           6156          300
I           15486          301
I           14565          302
I           5054          303
I           3837          304
I           15838          305
I           10262          306
I           15818          307
I           7464          308
I           3191          309
I           10777          310
I           13966          311
I           907          312
I           5764          313
I           2145          314
I           2912          315
I           12099          316
I           4350          317
I           3348          318
I           8328          319
I           682          320
I           13867          321
I           1894          322
I           4407          323
I           12470          324
I           5610          325
I           5190          326
I           13215          327
I           4120          328
I           5119          329
I           9434          330
I           8881          331
I           13112          332
I           770          333
I           15975          334
I           10501          335
I           11924          336
I           10527          337
I           13483          338
I           10402          339
I           7734          340
I           5446          341
I           4558          342
I           8476          343
I           3753          344
I           6781          345
I           5993          346
I           6157          347
I           2838          348
I           4484          349
I           4405          350
I           1273          351
I           828          352
I           3745          353
I           15008          354
I           3233          355
I           15736          356
I           4061          357
I           14773          358
I           715          359
I           877          360
I           6705          361
I           8592          362
I           7453          363
I           4084          364
I           11912          365
I           9884          366
I           8600          367
I           8507          368
I           2198          369
I           11549          370
I           7371          371
I           16175          372
I           1245          373
I           4908          374
I           7574          375
I           3589          376
I           671          377
I           16218          378
I           14695          379
I           1399          380
I           10365          381
I           10750          382
I           10408          383
I           3469          384
I           12656          385
I           14443          386
I           1132          387
I           3234          388
I           6191          389
I           16226          390
I           10960          391
I           3930          392
I           5812          393
I           13910          394
I           3471          395
I           16252          396
I           2594          397
I           15808          398
I           15298          399
I           15553          400
I           9189          401
I           2962          402
I           587          403
I           8111          404
I           13364          405
I           7965          406
I           9574          407
I           14400          408
I           12489          409
I           16184          410
I           9946          411
I           16361          412
I           3357          413
I           9327          414
I           15337          415
I           16064          416
I           15613          417
I           2798          418
I           13782          419
I           1985          420
I           1041          421
I           14446          422
I           1584          423
I           7502          424
I           5353          425
I           1342          426
I           6587          427
I           12373          428
I           14485          429
I           6717          430
I           1414          431
I           2405          432
I           3533          433
I           6394          434
I           15317          435
I           9826          436
I           7071          437
I           4700          438
I           13947          439
I           16223          440
I           12883          441
I           4363          442
I           1149          443
I           3630          444
I           10283          445
I           294          446
I           5858          447
I           6346          448
I           1174          449
I           9595          450
I           14964          451
I           3740          452
I           7692          453
I           11216          454
I           8334          455
I           9846          456
I           3251          457
I           3717          458
I           8700          459
I           2963          460
I           7064          461
I           5168          462
I           3581          463
I           3376          464
I           12711          465
I           937          466
I           5589          467
I           16326          468
I           1181          469
I           1919          470
I           15406          471
I           9593          472
I           16343          473
I           4851          474
I           1882          475
I           10165          476
I           15773          477
I           12962          478
I           8697          479
I           3936          480
I           1730          481
I           7808          482
I           491          483
I           14923          484
I           126          485
I           14141          486
I           3907          487
I           11405          488
I           10818          489
I           12600          490
I           1817          491
I           8919          492
I           7737          493
I           2382          494
I           433          495
I           8296          496
I           15767          497
I           923          498
I           6098          499
I           7965          500
I           9841          501
I           16205          502
I           10093          503
I           2004          504
I           978          505
I           16366          506
I           942          507
I           897          508
I           8434          509
I           9920          510
I           2069          511
I           11333          512
I           12530          513
I           10552          514
I           3842          515
I           6898          516
I           9980          517
I           10861          518
I           13118          519
I           5324          520
I           5406          521
I           12791          522
I           10319          523
I           15767          524
I           10248          525
I           9774          526
I           9064          527
I           13008          528
I           7881          529
I           7913          530
I           10395          531
I           3230          532
I           8297          533
I           1087          534
I           3445          535
I           5041          536
I           10701          537
I           1651          538
I           5310          539
I           627          540
I           15170          541
I           7807          542
I           2394          543
I           11668          544
I           12554          545
I           11694          546
I           13501          547
I           15402          548
I           14158          549
I           13787          550
I           11329          551
I           10222          552
I           2499          553
I           4334          554
I           3643          555
I           967          556
I           3532          557
I           8735          558
I           2574          559
I           7809          560
I           15101          561
I           4031          562
I           2487          563
I           9067          564
I           16161          565
I           4290          566
I           10136          567
I           11075          568
I           3217          569
I           8385          570
I           4553          571
I           5384          572
I           7604          573
I           9679          574
I           9559          575
I           9006          576
I           2145          577
I           13909          578
I           15901          579
I           2545          580
I           4672          581
I           521          582
I           16294          583
I           6543          584
I           7032          585
I           9468          586
I           14118          587
I           11293          588
I           614          589
I           3105          590
I           8553          591
I           8693          592
I           915          593
I           7552          594
I           15165          595
I           9695          596
I           8230          597
I           9349          598
I           540          599
I           8642          600
I           13237          601
I           13838          602
I           12596          603
I           2694          604
I           7885          605
I           5479          606
I           15050          607
I           9857          608
I           5339          609
I           6648          610
I           6431          611
I           9585          612
I           10387          613
I           11142          614
I           13128          615
I           8723          616
I           6969          617
I           8824          618
I           1373          619
I           8631          620
I           4448          621
I           4493          622
I           9615          623
I           14013          624
I           9890          625
I           15064          626
I           2439          627
I           14408          628
I           13065          629
I           3696          630
I           4610          631
I           7994          632
I           13736          633
I           13840          634
I           6585          635
I           13367          636
I           10747          637
I           10432          638
I           14923          639
I           15956          640
I           14922          641
I           12493          642
I           5458          643
I           9856          644
I           6242          645
I           754          646
I           13878          647
I           11063          648
I           7335          649
I           1447          650
I           15429          651
I           10466          652
I           3320          653
I           14063          654
I           14238          655
I           3342          656
I           7620          657
I           12220          658
I           13393          659
I           2681          660
I           13767          661
I           16126          662
I           8926          663
I           8716          664
I           16017          665
I           5661          666
I           16326          667
I           6089          668
I           13502          669
I           16003          670
I           13729          671
I           4080          672
I           4347          673
I           10554          674
I           12807          675
I           1745          676
I           11046          677
I           491          678
I           14912          679
I           6253          680
I           10260          681
I           7642          682
I           13971          683
I           3739          684
I           4417          685
I           16124          686
I           5336          687
I           1979          688
I           5987          689
I           9221          690
I           6404          691
I           11464          692
I           14654          693
I           784          694
I           9540          695
I           351          696
I           16135          697
I           2327          698
I           5604          699
I           5908          700
I           8418          701
I           12411          702
I           8931          703
I           10241          704
I           410          705
I           14944          706
I           1106          707
I           2476          708
I           3598          709
I           3927          710
I           8672          711
I           9431          712
I           960          713
I           6389          714
I           2461          715
I           4525          716
I           14889          717
I           5062          718
I           7953          719
I           4930          720
I           843          721
I           1882          722
I           1600          723
I           1659          724
I           959          725
I           3258          726
I           2021          727
I           13541          728
I           12510          729
I           1319          730
I           8899          731
I           3417          732
I           4979          733
I           4681          734
I           2458          735
I           3523          736
I           13659          737
I           4194          738
I           2250          739
I           4716          740
I           7422          741
I           7882          742
I           15966          743
I           13723          744
I           2173          745
I           5742          746
I           12929          747
I           13330          748
I           14521          749
I           8300          750
I           663          751
I           4088          752
I           3973          753
I           6130          754
I           6021          755
I           9650          756
I           15266          757
I           4894          758
I           11948          759
I           1043          760
I           16242          761
I           5657          762
I           6716          763
I           1990          764
I           6311          765
I           12177          766
I           11908          767
I           8774          768
I           7616          769
I           7822          770
I           14144          771
I           2977          772
I           4317          773
I           8904          774
I           15625          775
I           4199          776
I           5506          777
I           5621          778
I           2022          779
I           1512          780
I           9460          781
I           3114          782
I           13269          783
I           9875          784
I           8603          785
I           11090          786
I           7266          787
I           7144          788
I           2812          789
I           4873          790
I           11073          791
I           8199          792
I           15703          793
I           1003          794
I           2579          795
I           677          796
I           10529          797
I           1776          798
I           9053          799
I           12035          800
I           10451          801
I           5902          802
I           11830          803
I           2346          804
I           10905          805
I           15680          806
I           14002          807
I           1759          808
I           4718          809
I           14379          810
I           6941          811
I           6724          812
I           568          813
I           1722          814
I           13657          815
I           1654          816
I           14593          817
I           9958          818
I           12662          819
I           7712          820
I           11020          821
I           7375          822
I           478          823
I           11122          824
I           9481          825
I           2470          826
I           12718          827
I           2429          828
I           7565          829
I           9937          830
I           5554          831
I           8576          832
I           8333          833
I           5920          834
I           15024          835
I           16181          836
I           3215          837
I           13053          838
I           11306          839
I           6336          840
I           12153          841
I           2563          842
I           5152          843
I           2270          844
I           5922          845
I           866          846
I           13145          847
I           5268          848
I           3507          849
I           13238          850
I           5156          851
I           11436          852
I           7098          853
I           6185          854
I           166          855
I           6593          856
I           11824          857
I           7827          858
I           10373          859
I           673          860
I           9261          861
I           15420          862
I           9658          863
I           3420          864
I           1399          865
I           4517          866
I           3553          867
I           13796          868
I           1690          869
I           779          870
I           7963          871
I           12215          872
I           1118          873
I           15735          874
I           10440          875
I           8522          876
I           14266          877
I           5311          878
I           7411          879
I           10112          880
I           6951          881
I           14950          882
I           12228          883
I           16042          884
I           2230          885
I           16288          886
I           11719          887
I           8988          888
I           9762          889
I           11645          890
I           6279          891
I           8836          892
I           9279          893
I           11958          894
I           3785          895
I           10443          896
I           588          897
I           11407          898
I           16161          899
I           11584          900
I           15004          901
I           4095          902
I           13203          903
I           9086          904
I           4305          905
I           192          906
I           3477          907
I           12617          908
I           12053          909
I           5258          910
I           12972          911
I           2276          912
I           13040          913
I           9750          914
I           2055          915
I           132          916
I           5515          917
I           1096          918
I           15686          919
I           3004          920
I           2562          921
I           10135          922
I           4537          923
I           6004          924
I           11352          925
I           8166          926
I           13374          927
I           13996          928
I           7278          929
I           10495          930
I           4500          931
I           7143          932
I           7632          933
I           4432          934
I           2412          935
I           15133          936
I           7585          937
I           1433          938
I           3705          939
I           7958          940
I           2627          941
I           7880          942
I           13203          943
I           716          944
I           10539          945
I           5593          946
I           4912          947
I           7323          948
I           5126          949
I           3275          950
I           11879          951
I           13734          952
I           7422          953
I           11013          954
I           1500          955
I           13483          956
I           1944          957
I           14128          958
I           4570          959
I           8357          960
I           10342          961
I           15627          962
I           15778          963
I           8260          964
I           13600          965
I           11007          966
I           1195          967
I           6335          968
I           5274          969
I           10395          970
I           15616          971
I           11319          972
I           11564          973
I           14164          974
I           15164          975
I           15729          976
I           10451          977
I           8156          978
I           7706          979
I           9915          980
I           9542          981
I           14293          982
I           10626          983
I           15654          984
I           3309          985
I           16272          986
I           13412          987
I           9988          988
I           4039          989
I           12217          990
I           5582          991
I           15733          992
I           5502          993
I           13591          994
I           4258          995
I           3653          996
I           5407          997
I           10256          998
I           13037          999
I           5586          1000
I           4190          1001
I           8474          1002
I           5567          1003
I           453          1004
I           4183          1005
I           16316          1006
I           4849          1007
I           6015          1008
I           14060          1009
I           2364          1010
I           15728          1011
I           9057          1012
I           8192          1013
I           16380          1014
I           6996          1015
I           8342          1016
I           15379          1017
I           7189          1018
I           5180          1019
I           11326          1020
I           7266          1021
I           384          1022
I           15446          1023
I           315          1024
I           9312          1025
I           15551          1026
I           5139          1027
I           1950          1028
I           9104          1029
I           2995          1030
I           32          1031
I           15582          1032
I           9371          1033
I           13859          1034
I           16213          1035
I           2217          1036
I           8218          1037
I           6556          1038
I           16006          1039
I           2519          1040
I           2235          1041
I           10340          1042
I           4757          1043
I           225          1044
I           7877          1045
I           11674          1046
I           5933          1047
I           9207          1048
I           6641          1049
I           1115          1050
I           11951          1051
I           10618          1052
I           10221          1053
I           14702          1054
I           4884          1055
I           1170          1056
I           7246          1057
I           10121          1058
I           11780          1059
I           2989          1060
I           3561          1061
I           1542          1062
I           4082          1063
I           5728          1064
I           605          1065
I           3050          1066
I           14610          1067
I           1085          1068
I           7603          1069
I           6488          1070
I           15017          1071
I           4431          1072
I           13443          1073
I           11986          1074
I           9649          1075
I           15040          1076
I           4011          1077
I           7326          1078
I           9942          1079
I           4108          1080
I           941          1081
I           6337          1082
I           13351          1083
I           2267          1084
I           15021          1085
I           15458          1086
I           16153          1087
I           4532          1088
I           15470          1089
I           8678          1090
I           47          1091
I           2792          1092
I           13637          1093
I           9482          1094
I           9758          1095
I           2745          1096
I           14637          1097
I           8475          1098
I           11934          1099
I           10084          1100
I           424          1101
I           732          1102
I           16248          1103
I           6503          1104
I           667          1105
I           4614          1106
I           8242          1107
I           3363          1108
I           11336          1109
I           6764          1110
I           3803          1111
I           14118          1112
I           8323          1113
I           14105          1114
I           64          1115
I           8687          1116
I           2969          1117
I           16258          1118
I           3546          1119
I           6324          1120
I           8929          1121
I           14502          1122
I           3548          1123
I           13180          1124
I           13143          1125
I           11314          1126
I           7021          1127
I           1936          1128
I           15641          1129
I           6600          1130
I           2615          1131
I           5628          1132
I           5180          1133
I           5808          1134
I           11401          1135
I           14569          1136
I           7715          1137
I           16382          1138
I           15403          1139
I           4865          1140
I           9480          1141
I           12427          1142
I           9374          1143
I           14215          1144
I           9374          1145
I           2115          1146
I           2343          1147
I           827          1148
I           8648          1149
I           15826          1150
I           1286          1151
I           2908          1152
I           1540          1153
I           836          1154
I           9594          1155
I           12110          1156
I           6283          1157
I           11629          1158
I           16149          1159
I           5932          1160
I           2807          1161
I           4819          1162
I           12518          1163
I           3833          1164
I           4828          1165
I           16191          1166
I           10308          1167
I           4787          1168
I           11995          1169
I           6450          1170
I           8933          1171
I           8993          1172
I           9517          1173
I           13993          1174
I           5042          1175
I           10988          1176
I           1779          1177
I           14711          1178
I           5426          1179
I           9078          1180
I           7541          1181
I           233          1182
I           8910          1183
I           12702          1184
I           14980          1185
I           5001          1186
I           679          1187
I           13149          1188
I           15720          1189
I           9763          1190
I           4126          1191
I           7052          1192
I           357          1193
I           9          1194
I           3918          1195
I           6967          1196
I           13167          1197
I           12010          1198
I           2993          1199
I           6086          1200
I           5356          1201
I           12002          1202
I           15678          1203
I           9267          1204
I           14899          1205
I           14086          1206
I           2263          1207
I           15014          1208
I           9131          1209
I           9748          1210
I           12715          1211
I           6945          1212
I           9842          1213
I           16009          1214
I           3209          1215
I           8922          1216
I           13129          1217
I           8722          1218
I           535          1219
I           8319          1220
I           9320          1221
I           12439          1222
I           13600          1223
I           14133          1224
I           7729          1225
I           3685          1226
I           2984          1227
I           13131          1228
I           7052          1229
I           11530          1230
I           10689          1231
I           2650          1232
I           4841          1233
I           15374          1234
I           14582          1235
I           6309          1236
I           3289          1237
I           3460          1238
I           5494          1239
I           6142          1240
I           3449          1241
I           10383          1242
I           10049          1243
I           12321          1244
I           4890          1245
I           10996          1246
I           11808          1247
I           12153          1248
I           6068          1249
I           2553          1250
I           14166          1251
I           13427          1252
I           5148          1253
I           3874          1254
I           1936          1255
I           3372          1256
I           5950          1257
I           2642          1258
I           7768          1259
I           3157          1260
I           15888          1261
I           10276          1262
I           12366          1263
I           6883          1264
I           3154          1265
I           10158          1266
I           15273          1267
I           4578          1268
I           1190          1269
I           13274          1270
I           2936          1271
I           2804          1272
I           11383          1273
I           4791          1274
I           8704          1275
I           4232          1276
I           12053          1277
I           5228          1278
I           5960          1279
I           10793          1280
I           16278          1281
I           3338          1282
I           9370          1283
I           15647          1284
I           6015          1285
I           10556          1286
I           15830          1287
I           6278          1288
I           15093          1289
I           14066          1290
I           806          1291
I           7549          1292
I           15367          1293
I           6655          1294
I           1677          1295
I           14469          1296
I           8326          1297
I           5881          1298
I           11892          1299
I           5471          1300
I           3447          1301
I           185          1302
I           1682          1303
I           14681          1304
I           2624          1305
I           6377          1306
I           4761          1307
I           12261          1308
I           10585          1309
I           13834          1310
I           2453          1311
I           12197          1312
I           6970          1313
I           11243          1314
I           5596          1315
I           7449          1316
I           10642          1317
I           6984          1318
I           8684          1319
I           7604          1320
I           2333          1321
I           14096          1322
I           2520          1323
I           3297          1324
I           14326          1325
I           6466          1326
I           8881          1327
I           10373          1328
I           13907          1329
I           2633          1330
I           6069          1331
I           13030          1332
I           15225          1333
I           5600          1334
I           14171          1335
I           10049          1336
I           3567          1337
I           870          1338
I           15543          1339
I           3819          1340
I           12948          1341
I           1933          1342
I           14353          1343
I           818          1344
I           3163          1345
I           13040          1346
I           9969          1347
I           8587          1348
I           2348          1349
I           5658          1350
I           13804          1351
I           10932          1352
I           13256          1353
I           5497          1354
I           3662          1355
I           14081          1356
I           8130          1357
I           523          1358
I           12851          1359
I           1164          1360
I           399          1361
I           14980          1362
I           1355          1363
I           15620          1364
I           6379          1365
I           2657          1366
I           15102          1367
I           6360          1368
I           3855          1369
I           12440          1370
I           13894          1371
I           1336          1372
I           1171          1373
I           2338          1374
I           13973          1375
I           13509          1376
I           6904          1377
I           7357          1378
I           6952          1379
I           15132          1380
I           13824          1381
I           14703          1382
I           6193          1383
I           6119          1384
I           8189          1385
I           4558          1386
I           2284          1387
I           10996          1388
I           12496          1389
I           14093          1390
I           1812          1391
I           13528          1392
I           2870          1393
I           4987          1394
I           9094          1395
I           11338          1396
I           8715          1397
I           3408          1398
I           5482          1399
I           13621          1400
I           16091          1401
I           11737          1402
I           6303          1403
I           10653          1404
I           1726          1405
I           10998          1406
I           4380          1407
I           11342          1408
I           4307          1409
I           3803          1410
I           7295          1411
I           8257          1412
I           14058          1413
I           11653          1414
I           15176          1415
I           13737          1416
I           13576          1417
I           11558          1418
I           9326          1419
I           6632          1420
I           579          1421
I           6513          1422
I           11491          1423
I           15644          1424
I           11833          1425
I           10255          1426
I           8620          1427
I           8856          1428
I           5454          1429
I           14068          1430
I           13846          1431
I           13996          1432
I           4976          1433
I           12751          1434
I           15057          1435
I           4334          1436
I           4298          1437
I           16352          1438
I           13065          1439
I           7699          1440
I           4370          1441
I           7940          1442
I           9499          1443
I           9060          1444
I           4553          1445
I           4119          1446
I           5177          1447
I           16195          1448
I           4395          1449
I           13091          1450
I           4399          1451
I           4938          1452
I           9906          1453
I           6762          1454
I           4329          1455
I           8503          1456
I           3875          1457
I           14365          1458
I           13725          1459
I           12299          1460
I           5310          1461
I           2711          1462
I           1398          1463
I           1115          1464
I           15540          1465
I           10573          1466
I           16022          1467
I           3899          1468
I           16171          1469
I           225          1470
I           8224          1471
I           14698          1472
I           9679          1473
I           11148          1474
I           167          1475
I           6318          1476
I           10721          1477
I           15986          1478
I           6401          1479
I           1676          1480
I           10075          1481
I           5970          1482
I           2907          1483
I           12229          1484
I           7374          1485
I           598          1486
I           3465          1487
I           6237          1488
I           15703          1489
I           9713          1490
I           1419          1491
I           4356          1492
I           16102          1493
I           16127          1494
I           7949          1495
I           10887          1496
I           7122          1497
I           10500          1498
I           11704          1499
I           5010          1500
I           4969          1501
I           8145          1502
I           8473          1503
I           12347          1504
I           11319          1505
I           10279          1506
I           7288          1507
I           1211          1508
I           14125          1509
I           11463          1510
I           13921          1511
I           2266          1512
I           8377          1513
I           1469          1514
I           457          1515
I           1321          1516
I           3313          1517
I           12247          1518
I           8864          1519
I           7838          1520
I           7730          1521
I           4629          1522
I           5050          1523
I           13908          1524
I           8178          1525
I           10653          1526
I           993          1527
I           7240          1528
I           9645          1529
I           2178          1530
I           3587          1531
I           1959          1532
I           4489          1533
I           12572          1534
I           2145          1535
I           1570          1536
I           5136          1537
I           14233          1538
I           2778          1539
I           6367          1540
I           4543          1541
I           6797          1542
I           8527          1543
I           2800          1544
I           6023          1545
I           4239          1546
I           2212          1547
I           14789          1548
I           11997          1549
I           3727          1550
I           5588          1551
I           2930          1552
I           6122          1553
I           10681          1554
I           1726          1555
I           8537          1556
I           15230          1557
I           15598          1558
I           4737          1559
I           2093          1560
I           13130          1561
I           14615          1562
I           10858          1563
I           13537          1564
I           13177          1565
I           5911          1566
I           1281          1567
I           14140          1568
I           11137          1569
I           4812          1570
I           6270          1571
I           12083          1572
I           7313          1573
I           10442          1574
I           2232          1575
I           158          1576
I           7751          1577
I           6182          1578
I           6257          1579
I           11795          1580
I           383          1581
I           8113          1582
I           9247          1583
I           11608          1584
I           6907          1585
I           14744          1586
I           15254          1587
I           5363          1588
I           12911          1589
I           7980          1590
I           12926          1591
I           13878          1592
I           1857          1593
I           8362          1594
I           1817          1595
I           3300          1596
I           15993          1597
I           13829          1598
I           13700          1599
I           14035          1600
I           1661          1601
I           14888          1602
I           8500          1603
I           1851          1604
I           4421          1605
I           11432          1606
I           15508          1607
I           303          1608
I           16299          1609
I           11270          1610
I           2018          1611
I           16163          1612
I           5467          1613
I           8891          1614
I           14969          1615
I           9331          1616
I           4949          1617
I           5481          1618
I           6059          1619
I           10221          1620
I           9867          1621
I           10516          1622
I           9326          1623
I           12744          1624
I           8358          1625
I           10533          1626
I           9298          1627
I           13651          1628
I           12388          1629
I           11756          1630
I           10011          1631
I           4766          1632
I           4284          1633
I           1554          1634
I           1322          1635
I           2740          1636
I           7343          1637
I           10691          1638
I           8558          1639
I           14598          1640
I           10271          1641
I           4240          1642
I           13619          1643
I           12636          1644
I           8854          1645
I           4195          1646
I           4996          1647
I           2682          1648
I           3476          1649
I           7229          1650
I           14286          1651
I           3380          1652
I           15526          1653
I           6026          1654
I           15240          1655
I           14626          1656
I           2141          1657
I           1239          1658
I           15037          1659
I           8211          1660
I           7798          1661
I           9212          1662
I           15949          1663
I           15997          1664
I           685          1665
I           4120          1666
I           4980          1667
I           3571          1668
I           9168          1669
I           7410          1670
I           15275          1671
I           12258          1672
I           4699          1673
I           10663          1674
I           7553          1675
I           11893          1676
I           5192          1677
I           571          1678
I           14490          1679
I           5026          1680
I           12946          1681
I           2764          1682
I           6663          1683
I           9744          1684
I           6331          1685
I           5153          1686
I           2512          1687
I           10116          1688
I           15305          1689
I           10507          1690
I           1078          1691
I           8941          1692
I           8656          1693
I           263          1694
I           14120          1695
I           6485          1696
I           6136          1697
I           3080          1698
I           8848          1699
I           16309          1700
I           8742          1701
I           2939          1702
I           3680          1703
I           10447          1704
I           4792          1705
I           16210          1706
I           15321          1707
I           13517          1708
I           15760          1709
I           2200          1710
I           12635          1711
I           1715          1712
I           6452          1713
I           12764          1714
I           7643          1715
I           7694          1716
I           7837          1717
I           2333          1718
I           4644          1719
I           12909          1720
I           2682          1721
I           12763          1722
I           5580          1723
I           8606          1724
I           2703          1725
I           4220          1726
I           10663          1727
I           11092          1728
I           13350          1729
I           10435          1730
I           6555          1731
I           14619          1732
I           7640          1733
I           16110          1734
I           1190          1735
I           4735          1736
I           10853          1737
I           892          1738
I           10769          1739
I           12009          1740
I           13259          1741
I           6731          1742
I           5769          1743
I           7480          1744
I           7701          1745
I           4188          1746
I           16131          1747
I           1289          1748
I           8196          1749
I           1764          1750
I           10437          1751
I           5385          1752
I           6004          1753
I           1876          1754
I           5270          1755
I           5759          1756
I           7144          1757
I           16097          1758
I           5000          1759
I           14089          1760
I           16069          1761
I           9907          1762
I           8697          1763
I           11675          1764
I           7381          1765
I           10460          1766
I           10225          1767
I           11351          1768
I           4034          1769
I           9081          1770
I           15806          1771
I           14370          1772
I           2864          1773
I           6093          1774
I           34          1775
I           13326          1776
I           13361          1777
I           9342          1778
I           6101          1779
I           8474          1780
I           131          1781
I           6248          1782
I           9499          1783
I           5883          1784
I           6372          1785
I           1663          1786
I           6718          1787
I           473          1788
I           9911          1789
I           9080          1790
I           9502          1791
I           12669          1792
I           4477          1793
I           4523          1794
I           4939          1795
I           10912          1796
I           1635          1797
I           8613          1798
I           7663          1799
I           11248          1800
I           4257          1801
I           5656          1802
I           10629          1803
I           1517          1804
I           4512          1805
I           12396          1806
I           6470          1807
I           4812          1808
I           5421          1809
I           10026          1810
I           6628          1811
I           13384          1812
I           13381          1813
I           15390          1814
I           6664          1815
I           14098          1816
I           2204          1817
I           1394          1818
I           2564          1819
I           13821          1820
I           2920          1821
I           10153          1822
I           11777          1823
I           12608          1824
I           13542          1825
I           6693          1826
I           1403          1827
I           10699          1828
I           6639          1829
I           8183          1830
I           8948          1831
I           6986          1832
I           10444          1833
I           1131          1834
I           6729          1835
I           13023          1836
I           16158          1837
I           15465          1838
I           5917          1839
I           1275          1840
I           142          1841
I           5191          1842
I           13445          1843
I           3061          1844
I           13979          1845
I           12028          1846
I           12403          1847
I           11664          1848
I           14247          1849
I           4722          1850
I           15317          1851
I           4422          1852
I           10501          1853
I           13591          1854
I           4175          1855
I           9622          1856
I           1147          1857
I           11406          1858
I           15273          1859
I           7769          1860
I           419          1861
I           12252          1862
I           10147          1863
I           5065          1864
I           15306          1865
I           14732          1866
I           15209          1867
I           10756          1868
I           2377          1869
I           8733          1870
I           12789          1871
I           67          1872
I           4888          1873
I           6751          1874
I           3431          1875
I           11733          1876
I           12856          1877
I           14720          1878
I           14783          1879
I           5945          1880
I           12122          1881
I           9308          1882
I           14787          1883
I           4164          1884
I           5431          1885
I           15936          1886
I           7937          1887
I           12890          1888
I           6673          1889
I           12552          1890
I           6301          1891
I           3420          1892
I           6519          1893
I           9166          1894
I           9238          1895
I           4682          1896
I           8486          1897
I           1201          1898
I           7639          1899
I           6986          1900
I           3008          1901
I           14635          1902
I           6181          1903
I           8234          1904
I           9107          1905
I           5069          1906
I           14147          1907
I           8699          1908
I           10061          1909
I           432          1910
I           12482          1911
I           4844          1912
I           362          1913
I           9315          1914
I           8707          1915
I           7328          1916
I           6722          1917
I           1501          1918
I           9458          1919
I           5677          1920
I           14452          1921
I           365          1922
I           7136          1923
I           2091          1924
I           12491          1925
I           9201          1926
I           15269          1927
I           9595          1928
I           9778          1929
I           13983          1930
I           14371          1931
I           5664          1932
I           10683          1933
I           1931          1934
I           3280          1935
I           3915          1936
I           3693          1937
I           13866          1938
I           10355          1939
I           7877          1940
I           2670          1941
I           2560          1942
I           9768          1943
I           4127          1944
I           8989          1945
I           14657          1946
I           7040          1947
I           3444          1948
I           9691          1949
I           2406          1950
I           10591          1951
I           10630          1952
I           8688          1953
I           8088          1954
I           11291          1955
I           6538          1956
I           4781          1957
I           5071          1958
I           9463          1959
I           8267          1960
I           2645          1961
I           2308          1962
I           11429          1963
I           1761          1964
I           9829          1965
I           10668          1966
I           1903          1967
I           524          1968
I           12457          1969
I           3252          1970
I           7031          1971
I           11629          1972
I           6760          1973
I           386          1974
I           9162          1975
I           15285          1976
I           13638          1977
I           15279          1978
I           15487          1979
I           2231          1980
I           7975          1981
I           12968          1982
I           9407          1983
I           4545          1984
I           8659          1985
I           3014          1986
I           14145          1987
I           5461          1988
I           8931          1989
I           2674          1990
I           10508          1991
I           8715          1992
I           15567          1993
I           7486          1994
I           2492          1995
I           105          1996
I           1485          1997
I           11470          1998
I           9898          1999
I           15210          2000
I           2695          2001
I           6843          2002
I           5183          2003
I           11263          2004
I           5581          2005
I           15704          2006
I           2959          2007
I           9117          2008
I           16002          2009
I           12449          2010
I           5359          2011
I           965          2012
I           11282          2013
I           7122          2014
I           6609          2015
I           8546          2016
I           5295          2017
I           9979          2018
I           15773          2019
I           14264          2020
I           1175          2021
I           7573          2022
I           2659          2023
I           7213          2024
I           16114          2025
I           4689          2026
I           15189          2027
I           10786          2028
I           2301          2029
I           6747          2030
I           3242          2031
I           4038          2032
I           6690          2033
I           5316          2034
I           11634          2035
I           14512          2036
I           14048          2037
I           14414          2038
I           13730          2039
I           12916          2040
I           11629          2041
I           9433          2042
I           12156          2043
I           5977          2044
I           3816          2045
I           12581          2046
I           2548          2047
E
E
E
E
E
E
E
E
E
E
E
E
E
E
E
E
E
E
E
E
E
E
E
E
E
E
E
E
E
E
E
E
E
E
E
E
E
E
E
E
E
E
E
E
E
E
E
E
E
E
E
E
E
E
E
E
E
E
E
E
E
E
E
E
E
E
E
E
E
E
E
E
E
E
E
E
E
E
E
E
E
E
E
E
E
E
E
E
E
E
E
E
E
E
E
E
E
E
E
E
E
E
E
E
E
E
E
E
E
E
E
E
E
E
E
E
E
E
E
E
E
E
E
E
E
E
E
E
E
E
E
E
E
E
E
E
E
E
E
E
E
E
E
E
E
E
E
E
E
E
E
E
E
E
E
E
E
E
E
E
E
E
E
E
E
E
E
E
E
E
E
E
E
E
E
E
E
E
E
E
E
E
E
E
E
E
E
E
E
E
E
E
E
E
E
E
E
E
E
E
E
E
E
E
E
E
E
E
E
E
E
E
E
E
E
E
E
E
E
E
E
E
E
E
E
E
E
E
E
E
E
E
E
E
E
E
E
E
E
E
E
E
E
E
E
E
E
E
E
E
E
E
E
E
E
E
E
E
E
E
E
E
E
E
E
E
E
E
E
E
E
E
E
E
E
E
E
E
E
E
E
E
E
E
E
E
E
E
E
E
E
E
E
E
E
E
E
E
E
E
E
E
E
E
E
E
E
E
E
E
E
E
E
E
E
E
E
E
E
E
E
E
E
E
E
E
E
E
E
E
E
E
E
E
E
E
E
E
E
E
E
E
E
E
E
E
E
E
E
E
E
E
E
E
E
E
E
E
E
E
E
E
E
E
E
E
E
E
E
E
E
E
E
E
E
E
E
E
E
E
E
E
E
E
E
E
E
E
E
E
E
E
E
E
E
E
E
E
E
E
E
E
E
E
E
E
E
E
E
E
E
E
E
E
E
E
E
E
E
E
E
E
E
E
E
E
E
E
E
E
E
E
E
E
E
E
E
E
E
E
E
E
E
E
E
E
E
E
E
E
E
E
E
E
E
E
E
E
E
E
E
E
E
E
E
E
E
E
E
E
E
E
E
E
E
E
E
E
E
E
E
E
E
E
E
E
E
E
E
E
E
E
E
E
E
E
E
E
E
E
E
E
E
E
E
E
E
E
E
E
E
E
E
E
E
E
E
E
E
E
E
E
E
E
E
E
E
E
E
E
E
E
E
E
E
E
E
E
E
E
E
E
E
E
E
E
E
E
E
E
E
E
E
E
E
E
E
E
E
E
E
E
E
E
E
E
E
E
E
E
E
E
E
E
E
E
E
E
E
E
E
E
E
E
E
E
E
E
E
E
E
E
E
E
E
E
E
E
E
E
E
E
E
E
E
E
E
E
E
E
E
E
E
E
E
E
E
E
E
E
E
E
E
E
E
E
E
E
E
E
E
E
E
E
E
E
E
E
E
E
E
E
E
E
E
E
E
E
E
E
E
E
E
E
E
E
E
E
E
E
E
E
E
E
E
E
E
E
E
E
E
E
E
E
E
E
E
E
E
E
E
E
E
E
E
E
E
E
E
E
E
E
E
E
E
E
E
E
E
E
E
E
E
E
E
E
E
E
E
E
E
E
E
E
E
E
E
E
E
E
E
E
E
E
E
E
E
E
E
E
E
E
E
E
E
E
E
E
E
E
E
E
E
E
E
E
E
E
E
E
E
E
E
E
E
E
E
E
E
E
E
E
E
E
E
E
E
E
E
E
E
E
E
E
E
E
E
E
E
E
E
E
E
E
E
E
E
E
E
E
E
E
E
E
E
E
E
E
E
E
E
E
E
E
E
E
E
E
E
E
E
E
E
E
E
E
E
E
E
E
E
E
E
E
E
E
E
E
E
E
E
E
E
E
E
E
E
E
E
E
E
E
E
E
E
E
E
E
E
E
E
E
E
E
E
E
E
E
E
E
E
E
E
E
E
E
E
E
E
E
E
E
E
E
E
E
E
E
E
E
E
E
E
E
E
E
E
E
E
E
E
E
E
E
E
E
E
E
E
E
E
E
E
E
E
E
E
E
E
E
E
E
E
E
E
E
E
E
E
E
E
E
E
E
E
E
E
E
E
E
E
E
E
E
E
E
E
E
E
E
E
E
E
E
E
E
E
E
E
E
E
E
E
E
E
E
E
E
E
E
E
E
E
E
E
E
E
E
E
E
E
E
E
E
E
E
E
E
E
E
E
E
E
E
E
E
E
E
E
E
E
E
E
E
E
E
E
E
E
E
E
E
E
E
E
E
E
E
E
E
E
E
E
E
E
E
E
E
E
E
E
E
E
E
E
E
E
E
E
E
E
E
E
E
E
E
E
E
E
E
E
E
E
E
E
E
E
E
E
E
E
E
E
E
E
E
E
E
E
E
E
E
E
E
E
E
E
E
E
E
E
E
E
E
E
E
E
E
E
E
E
E
E
E
E
E
E
E
E
E
E
E
E
E
E
E
E
E
E
E
E
E
E
E
E
E
E
E
E
E
E
E
E
E
E
E
E
E
E
E
E
E
E
E
E
E
E
E
E
E
E
E
E
E
E
E
E
E
E
E
E
E
E
E
E
E
E
E
E
E
E
E
E
E
E
E
E
E
E
E
E
E
E
E
E
E
E
E
E
E
E
E
E
E
E
E
E
E
E
E
E
E
E
E
E
E
E
E
E
E
E
E
E
E
E
E
E
E
E
E
E
E
E
E
E
E
E
E
E
E
E
E
E
E
E
E
E
E
E
E
E
E
E
E
E
E
E
E
E
E
E
E
E
E
E
E
E
E
E
E
E
E
E
E
E
E
E
E
E
E
E
E
E
E
E
E
E
E
E
E
E
E
E
E
E
E
E
E
E
E
E
E
E
E
E
E
E
E
E
E
E
E
E
E
E
E
E
E
E
E
E
E
E
E
E
E
E
E
E
E
E
E
E
E
E
E
E
E
E
E
E
E
E
E
E
E
E
E
E
E
E
E
E
E
E
E
E
E
E
E
E
E
E
E
E
E
E
E
E
E
E
E
E
E
E
E
E
E
E
E
E
E
E
E
E
E
E
E
E
E
E
E
E
E
E
E
E
E
E
E
E
E
E
E
E
E
E
E
E
E
E
E
E
E
E
E
E
E
E
E
E
E
E
E
E
E
E
E
E
E
E
E
E
E
E
E
E
E
E
E
E
E
E
E
E
E
E
E
E
E
E
E
E
E
E
E
E
E
E
E
E
E
E
E
E
E
E
E
E
E
E
E
E
E
E
E
E
E
E
E
E
E
E
E
E
E
E
E
E
E
E
E
E
E
E
E
E
E
E
E
E
E
E
E
E
E
E
E
E
E
E
E
E
E
E
E
E
E
E
E
E
E
E
E
E
E
E
E
E
E
E
E
E
E
E
E
E
E
E
E
E
E
E
E
E
E
E
E
E
E
E
E
E
E
E
E
E
E
E
E
E
E
E
E
E
E
E
E
E
E
E
E
E
E
E
E
E
E
E
E
E
E
E
E
E
E
E
E
E
E
E
E
E
E
E
E
E
E
E
E
E
E
E
E
E
E
E
E
E
E
E
E
E
E
E
E
E
E
E
E
E
E
E
E
E
E
E
E
E
E
E
E
E
E
E
E
E
E
E
E
E
E
E
E
E
E
E
E
E
E
E
E
E
E
E
E
E
E
E
E
E
E
E
E
E
E
E
E
E
E
E
E
E
E
E
E
E
E
E
E
E
E
E
E
E
E
E
E
E
E
E
E
E
E
E
E
E
E
E
E
E
E
E
E
E
E
E
E
E
E
E
E
E
E
E
E
E
E
E
E
E
E
E
E
E
E
E
E
E
E
E
E
E
E
E
E
E
E
E
E
E
E
E
E
E
E
E
E
E
E
E
E
E
E
E
E
E
E
E
E
E
E
E
E
E
E
E
E
E
E
E
E
E
E
E
E
E
E
E
E
E
E
E
E
E
E
E
E
E
E
E
E
E
E
E
E
E
E
E
E
E
E
E
E
E
E
E
E
E
E
E
E
E
E
E
E
E
E
E
E
E
E
E
E
E
E
E
E
E
E
E
E
E
E
E
E
E
E
E
E
E
E
E
E
E
E
E
E
E
E
E
E
E
E
E
E
E
E
E
E
E
E
E
E
E
E
E
E
E
E
E
E
E
E
E
E
E
E
E
E
E
E
E
E
E
E
E
E
E
E
E
E
E
E
E
E
E
E
E
E
E
E
E
E
E
E
E
E
E
E
E
E
E
E
E
E
E
E
E
E
E
E
E
E
E
E
E
E
E
E
E
E
E
E
E
E
E
E
E
E
E
E
E
E
E
E
E
E
E
E
E
E
E
E
E
E
E
E
E
E
E
E
E
E
E
E
E
E
E
E
E
E
E
E
E
E
E
E
E
E
E
E
E
E
E
E
E
E
E
E
E
E
E
E
E
E
E
E
E
E
E
E
E
E
E
E
E
E
E
E
E
E
E
E
E
E
E
E
E
E
E
E
E
E
E
E
E
E
E
E
E
E
E
E
E
E
E
E
E
E
E
E
E
E
E
E
E
E
E
E
E
E
E
E
E
E
E
E
E
E
E
E
E
E
E
E
E
E
E
E
E
E
E
E
E
E
E
E
