batch_then_drain 1024 23
I           818          0
I           3215          1
I           1800          2
I           5064          3
I           6827          4
I           3375          5
I           3497          6
I           21          7
I           6182          8
I           7242          9
I           8167          10
I           7250          11
I           1          12
I           2461          13
I           7996          14
I           4830          15
I           3434          16
I           8016          17
I           5584          18
I           6924          19
I           6166          20
I           534          21
I           4743          22
I           2415          23
I           3236          24
I           2359          25
I           3929          26
I           6738          27
I           3203          28
I           5130          29
I           5466          30
I           906          31
I           6195          32
I           5          33
I           6830          34
I           7719          35
I           1411          36
I           1160          37
I           1738          38
I           3454          39
I           7166          40
I           2839          41
I           3545          42
I           7126          43
I           7177          44
I           3512          45
I           3856          46
I           6790          47
I           2478          48
I           5881          49
I           6286          50
I           977          51
I           85          52
I           4886          53
I           5540          54
I           1063          55
I           3865          56
I           636          57
I           5196          58
I           6810          59
I           7541          60
I           3805          61
I           1079          62
I           1328          63
I           6877          64
I           4490          65
I           5775          66
I           4821          67
I           7929          68
I           6338          69
I           7408          70
I           5373          71
I           2399          72
I           4569          73
I           1208          74
I           1461          75
I           1158          76
I           1971          77
I           7818          78
I           4146          79
I           4          80
I           3251          81
I           2382          82
I           3958          83
I           4005          84
I           7830          85
I           246          86
I           7386          87
I           7197          88
I           4144          89
I           907          90
I           6724          91
I           5774          92
I           6781          93
I           223          94
I           1900          95
I           1555          96
I           648          97
I           6318          98
I           3816          99
I           6379          100
I           7201          101
I           7955          102
I           1209          103
I           3380          104
I           1895          105
I           6520          106
I           7520          107
I           3840          108
I           1058          109
I           3629          110
I           7508          111
I           3092          112
I           1924          113
I           6745          114
I           5047          115
I           4628          116
I           7796          117
I           1147          118
I           2091          119
I           7913          120
I           3689          121
I           256          122
I           7967          123
I           7606          124
I           1961          125
I           4280          126
I           1628          127
I           359          128
I           5636          129
I           5704          130
I           6923          131
I           2029          132
I           3714          133
I           8103          134
I           831          135
I           6417          136
I           5103          137
I           4072          138
I           684          139
I           4817          140
I           437          141
I           3449          142
I           2831          143
I           3173          144
I           7418          145
I           4007          146
I           6543          147
I           3367          148
I           3148          149
I           2393          150
I           760          151
I           5293          152
I           1039          153
I           7144          154
I           4378          155
I           7670          156
I           4156          157
I           6032          158
I           4125          159
I           2393          160
I           1038          161
I           6405          162
I           6483          163
I           2617          164
I           4883          165
I           819          166
I           6208          167
I           4520          168
I           3764          169
I           6046          170
I           610          171
I           2504          172
I           4936          173
I           4078          174
I           3569          175
I           6973          176
I           53          177
I           6212          178
I           382          179
I           2709          180
I           3431          181
I           4474          182
I           7195          183
I           5458          184
I           3548          185
I           8026          186
I           5272          187
I           3829          188
I           4656          189
I           4714          190
I           1968          191
I           1084          192
I           2423          193
I           2188          194
I           42          195
I           6930          196
I           1056          197
I           1998          198
I           4335          199
I           4105          200
I           5305          201
I           1684          202
I           1191          203
I           2211          204
I           5664          205
I           5757          206
I           4961          207
I           4899          208
I           7894          209
I           1690          210
I           6905          211
I           7179          212
I           4247          213
I           1682          214
I           4944          215
I           1777          216
I           701          217
I           203          218
I           7820          219
I           230          220
I           7333          221
I           4064          222
I           4574          223
I           3331          224
I           2311          225
I           471          226
I           5238          227
I           6777          228
I           3417          229
I           346          230
I           5139          231
I           371          232
I           3248          233
I           2979          234
I           2473          235
I           1157          236
I           3260          237
I           3389          238
I           6962          239
I           5685          240
I           6871          241
I           1339          242
I           2338          243
I           2500          244
I           2776          245
I           866          246
I           3965          247
I           8104          248
I           3150          249
I           1199          250
I           2694          251
I           853          252
I           4334          253
I           1044          254
I           794          255
I           6419          256
I           192          257
I           1346          258
I           1557          259
I           175          260
I           7884          261
I           2558          262
I           6234          263
I           16          264
I           4272          265
I           376          266
I           1003          267
I           1655          268
I           8181          269
I           4485          270
I           7277          271
I           7279          272
I           7862          273
I           619          274
I           4627          275
I           6501          276
I           2444          277
I           6588          278
I           1518          279
I           5131          280
I           6397          281
I           6293          282
I           1272          283
I           5034          284
I           4925          285
I           6310          286
I           6047          287
I           1924          288
I           4640          289
I           5728          290
I           6508          291
I           5492          292
I           7597          293
I           6283          294
I           663          295
I           4056          296
I           955          297
I           2435          298
I           933          299
I           3036          300
I           2359          301
I           4215          302
I           4518          303
I           7425          304
I           3643          305
I           6438          306
I           3683          307
I           6264          308
I           5642          309
I           6728          310
I           1220          311
I           5886          312
I           981          313
I           5827          314
I           1153          315
I           3355          316
I           6920          317
I           5673          318
I           3044          319
I           3618          320
I           5009          321
I           4233          322
I           7461          323
I           3854          324
I           1500          325
I           845          326
I           411          327
I           2384          328
I           2160          329
I           7715          330
I           3116          331
I           1510          332
I           4390          333
I           2723          334
I           1688          335
I           5265          336
I           6208          337
I           5613          338
I           5057          339
I           7532          340
I           6381          341
I           8107          342
I           1592          343
I           1762          344
I           2016          345
I           5061          346
I           5248          347
I           1639          348
I           3278          349
I           6654          350
I           7887          351
I           2787          352
I           6256          353
I           277          354
I           1400          355
I           4840          356
I           977          357
I           7900          358
I           2706          359
I           3875          360
I           6543          361
I           6874          362
I           4957          363
I           1671          364
I           1782          365
I           1237          366
I           236          367
I           4006          368
I           4201          369
I           8049          370
I           7697          371
I           6887          372
I           4724          373
I           233          374
I           7809          375
I           3661          376
I           3938          377
I           3158          378
I           8117          379
I           7941          380
I           4041          381
I           1631          382
I           6782          383
I           6730          384
I           2264          385
I           2933          386
I           556          387
I           73          388
I           5910          389
I           6799          390
I           997          391
I           3458          392
I           6632          393
I           865          394
I           7658          395
I           2168          396
I           2806          397
I           1512          398
I           2562          399
I           1861          400
I           4918          401
I           6076          402
I           5690          403
I           7846          404
I           371          405
I           6870          406
I           5135          407
I           3965          408
I           1438          409
I           1186          410
I           664          411
I           5360          412
I           2570          413
I           5069          414
I           3393          415
I           7631          416
I           3235          417
I           4594          418
I           5924          419
I           335          420
I           4192          421
I           1181          422
I           2816          423
I           3982          424
I           3842          425
I           8074          426
I           4479          427
I           1652          428
I           6840          429
I           5410          430
I           2852          431
I           125          432
I           6416          433
I           332          434
I           5334          435
I           3122          436
I           7152          437
I           7642          438
I           3365          439
I           2025          440
I           1509          441
I           6190          442
I           764          443
I           3675          444
I           4566          445
I           5462          446
I           8003          447
I           3321          448
I           2423          449
I           6047          450
I           3221          451
I           1756          452
I           6708          453
I           1760          454
I           3228          455
I           5267          456
I           7298          457
I           4525          458
I           247          459
I           2251          460
I           7372          461
I           738          462
I           2385          463
I           4283          464
I           8034          465
I           7676          466
I           6330          467
I           7429          468
I           6656          469
I           901          470
I           3889          471
I           7865          472
I           2478          473
I           4031          474
I           2656          475
I           784          476
I           7262          477
I           5718          478
I           3519          479
I           5729          480
I           26          481
I           6511          482
I           5071          483
I           4796          484
I           5230          485
I           593          486
I           4933          487
I           6017          488
I           696          489
I           4096          490
I           1547          491
I           4599          492
I           6334          493
I           754          494
I           4836          495
I           8122          496
I           5621          497
I           7163          498
I           599          499
I           2216          500
I           4600          501
I           6906          502
I           2119          503
I           6968          504
I           1812          505
I           8171          506
I           943          507
I           5879          508
I           812          509
I           6147          510
I           1998          511
I           6918          512
I           6112          513
I           1940          514
I           4870          515
I           869          516
I           4398          517
I           1709          518
I           3077          519
I           6549          520
I           1926          521
I           3372          522
I           4840          523
I           4245          524
I           6895          525
I           8125          526
I           3910          527
I           4568          528
I           687          529
I           5899          530
I           7646          531
I           1705          532
I           3982          533
I           3801          534
I           1027          535
I           6596          536
I           6876          537
I           5505          538
I           3133          539
I           6309          540
I           891          541
I           7805          542
I           7827          543
I           87          544
I           2816          545
I           6886          546
I           1753          547
I           3149          548
I           3758          549
I           5606          550
I           204          551
I           3661          552
I           2009          553
I           5832          554
I           5352          555
I           6338          556
I           2764          557
I           4730          558
I           177          559
I           3482          560
I           2232          561
I           5269          562
I           7877          563
I           7797          564
I           5838          565
I           7166          566
I           5024          567
I           675          568
I           349          569
I           5373          570
I           8019          571
I           1954          572
I           4488          573
I           5442          574
I           4195          575
I           7738          576
I           6644          577
I           4709          578
I           5867          579
I           2122          580
I           6807          581
I           3253          582
I           1204          583
I           4344          584
I           4836          585
I           500          586
I           6940          587
I           3963          588
I           2805          589
I           6488          590
I           1187          591
I           1421          592
I           1505          593
I           1073          594
I           1340          595
I           1070          596
I           3486          597
I           3295          598
I           4961          599
I           3086          600
I           772          601
I           285          602
I           220          603
I           5950          604
I           727          605
I           6158          606
I           2226          607
I           7466          608
I           2804          609
I           686          610
I           6363          611
I           8189          612
I           6092          613
I           1709          614
I           901          615
I           3729          616
I           3917          617
I           5307          618
I           5308          619
I           8057          620
I           6903          621
I           4889          622
I           3183          623
I           745          624
I           2583          625
I           5070          626
I           3416          627
I           1154          628
I           3619          629
I           3594          630
I           5053          631
I           4476          632
I           8162          633
I           3470          634
I           5343          635
I           1670          636
I           5207          637
I           5449          638
I           4379          639
I           7214          640
I           2913          641
I           4820          642
I           7004          643
I           2778          644
I           1338          645
I           5728          646
I           6274          647
I           7189          648
I           6209          649
I           2107          650
I           406          651
I           2388          652
I           3734          653
I           3580          654
I           5841          655
I           7157          656
I           4674          657
I           3935          658
I           2957          659
I           8073          660
I           2234          661
I           1349          662
I           402          663
I           1595          664
I           709          665
I           1777          666
I           8153          667
I           2225          668
I           5167          669
I           4352          670
I           6508          671
I           2757          672
I           135          673
I           332          674
I           981          675
I           7978          676
I           3238          677
I           7098          678
I           6915          679
I           6276          680
I           2446          681
I           770          682
I           1590          683
I           4996          684
I           7137          685
I           4582          686
I           7328          687
I           3067          688
I           8021          689
I           2531          690
I           686          691
I           8162          692
I           3670          693
I           3591          694
I           1863          695
I           686          696
I           6591          697
I           963          698
I           2862          699
I           4973          700
I           1799          701
I           7951          702
I           6618          703
I           247          704
I           3908          705
I           6776          706
I           424          707
I           4013          708
I           3105          709
I           7850          710
I           4005          711
I           3843          712
I           5552          713
I           2393          714
I           2445          715
I           5387          716
I           124          717
I           2084          718
I           4912          719
I           3575          720
I           6715          721
I           6213          722
I           1724          723
I           173          724
I           5192          725
I           4026          726
I           5995          727
I           1980          728
I           7928          729
I           4309          730
I           719          731
I           965          732
I           5597          733
I           2461          734
I           4657          735
I           3597          736
I           1387          737
I           7360          738
I           3796          739
I           5628          740
I           102          741
I           685          742
I           190          743
I           3101          744
I           156          745
I           179          746
I           3293          747
I           1077          748
I           4387          749
I           4009          750
I           2151          751
I           1715          752
I           4252          753
I           3764          754
I           3915          755
I           6962          756
I           2394          757
I           5983          758
I           3320          759
I           2576          760
I           3886          761
I           3039          762
I           3584          763
I           1281          764
I           135          765
I           6859          766
I           5780          767
I           4849          768
I           6221          769
I           4808          770
I           2232          771
I           3052          772
I           3815          773
I           4866          774
I           5935          775
I           7621          776
I           679          777
I           1252          778
I           6957          779
I           2819          780
I           5904          781
I           1836          782
I           8115          783
I           1094          784
I           3653          785
I           7317          786
I           2075          787
I           4325          788
I           1319          789
I           3908          790
I           7133          791
I           2605          792
I           5634          793
I           1029          794
I           3115          795
I           4124          796
I           1870          797
I           1966          798
I           6404          799
I           2385          800
I           7986          801
I           4987          802
I           7211          803
I           4919          804
I           2076          805
I           7419          806
I           5138          807
I           7365          808
I           4054          809
I           7659          810
I           598          811
I           3859          812
I           4467          813
I           3767          814
I           7141          815
I           1333          816
I           247          817
I           3455          818
I           728          819
I           7994          820
I           2579          821
I           2304          822
I           60          823
I           5523          824
I           1520          825
I           3144          826
I           7163          827
I           1064          828
I           1535          829
I           3686          830
I           5226          831
I           7355          832
I           5292          833
I           6286          834
I           1500          835
I           1860          836
I           5282          837
I           7647          838
I           1146          839
I           7514          840
I           5546          841
I           5412          842
I           7704          843
I           3968          844
I           2588          845
I           1805          846
I           641          847
I           6340          848
I           678          849
I           3137          850
I           5589          851
I           827          852
I           4022          853
I           2014          854
I           179          855
I           5657          856
I           3745          857
I           787          858
I           7232          859
I           5209          860
I           2998          861
I           4220          862
I           3516          863
I           5925          864
I           2306          865
I           881          866
I           3251          867
I           2324          868
I           1472          869
I           1858          870
I           752          871
I           1599          872
I           7645          873
I           4955          874
I           3725          875
I           7051          876
I           2469          877
I           4589          878
I           1867          879
I           8123          880
I           5971          881
I           261          882
I           2212          883
I           4449          884
I           6143          885
I           4155          886
I           1582          887
I           825          888
I           3462          889
I           3144          890
I           6596          891
I           428          892
I           7027          893
I           1807          894
I           7645          895
I           2975          896
I           4078          897
I           2325          898
I           5863          899
I           2362          900
I           3439          901
I           4304          902
I           800          903
I           2303          904
I           4201          905
I           6839          906
I           2526          907
I           4166          908
I           543          909
I           4319          910
I           2837          911
I           3504          912
I           2700          913
I           6263          914
I           4667          915
I           1492          916
I           6305          917
I           2273          918
I           4993          919
I           1494          920
I           4446          921
I           5290          922
I           1349          923
I           1305          924
I           878          925
I           5612          926
I           1566          927
I           8017          928
I           5937          929
I           7034          930
I           1990          931
I           719          932
I           6304          933
I           983          934
I           5407          935
I           7378          936
I           6503          937
I           3184          938
I           2576          939
I           5221          940
I           6074          941
I           8103          942
I           4406          943
I           7491          944
I           2285          945
I           4980          946
I           4301          947
I           1689          948
I           7674          949
I           8056          950
I           6606          951
I           2204          952
I           395          953
I           2862          954
I           1099          955
I           2781          956
I           113          957
I           435          958
I           1482          959
I           7791          960
I           1338          961
I           7023          962
I           6922          963
I           1863          964
I           1830          965
I           5499          966
I           3575          967
I           5378          968
I           1732          969
I           5899          970
I           3753          971
I           3989          972
I           7857          973
I           5556          974
I           6513          975
I           3913          976
I           70          977
I           500          978
I           7653          979
I           8130          980
I           1280          981
I           6958          982
I           1738          983
I           705          984
I           1366          985
I           7668          986
I           7204          987
I           3301          988
I           5729          989
I           2000          990
I           4694          991
I           3719          992
I           3651          993
I           4407          994
I           2930          995
I           1421          996
I           7911          997
I           823          998
I           2664          999
I           7362          1000
I           2070          1001
I           836          1002
I           5651          1003
I           7235          1004
I           7289          1005
I           5496          1006
I           3520          1007
I           4060          1008
I           2997          1009
I           387          1010
I           1222          1011
I           5071          1012
I           3325          1013
I           3756          1014
I           4879          1015
I           1915          1016
I           5414          1017
I           3412          1018
I           2113          1019
I           4068          1020
I           372          1021
I           8049          1022
I           2316          1023
E
E
E
E
E
E
E
E
E
E
E
E
E
E
E
E
E
E
E
E
E
E
E
E
E
E
E
E
E
E
E
E
E
E
E
E
E
E
E
E
E
E
E
E
E
E
E
E
E
E
E
E
E
E
E
E
E
E
E
E
E
E
E
E
E
E
E
E
E
E
E
E
E
E
E
E
E
E
E
E
E
E
E
E
E
E
E
E
E
E
E
E
E
E
E
E
E
E
E
E
E
E
E
E
E
E
E
E
E
E
E
E
E
E
E
E
E
E
E
E
E
E
E
E
E
E
E
E
E
E
E
E
E
E
E
E
E
E
E
E
E
E
E
E
E
E
E
E
E
E
E
E
E
E
E
E
E
E
E
E
E
E
E
E
E
E
E
E
E
E
E
E
E
E
E
E
E
E
E
E
E
E
E
E
E
E
E
E
E
E
E
E
E
E
E
E
E
E
E
E
E
E
E
E
E
E
E
E
E
E
E
E
E
E
E
E
E
E
E
E
E
E
E
E
E
E
E
E
E
E
E
E
E
E
E
E
E
E
E
E
E
E
E
E
E
E
E
E
E
E
E
E
E
E
E
E
E
E
E
E
E
E
E
E
E
E
E
E
E
E
E
E
E
E
E
E
E
E
E
E
E
E
E
E
E
E
E
E
E
E
E
E
E
E
E
E
E
E
E
E
E
E
E
E
E
E
E
E
E
E
E
E
E
E
E
E
E
E
E
E
E
E
E
E
E
E
E
E
E
E
E
E
E
E
E
E
E
E
E
E
E
E
E
E
E
E
E
E
E
E
E
E
E
E
E
E
E
E
E
E
E
E
E
E
E
E
E
E
E
E
E
E
E
E
E
E
E
E
E
E
E
E
E
E
E
E
E
E
E
E
E
E
E
E
E
E
E
E
E
E
E
E
E
E
E
E
E
E
E
E
E
E
E
E
E
E
E
E
E
E
E
E
E
E
E
E
E
E
E
E
E
E
E
E
E
E
E
E
E
E
E
E
E
E
E
E
E
E
E
E
E
E
E
E
E
E
E
E
E
E
E
E
E
E
E
E
E
E
E
E
E
E
E
E
E
E
E
E
E
E
E
E
E
E
E
E
E
E
E
E
E
E
E
E
E
E
E
E
E
E
E
E
E
E
E
E
E
E
E
E
E
E
E
E
E
E
E
E
E
E
E
E
E
E
E
E
E
E
E
E
E
E
E
E
E
E
E
E
E
E
E
E
E
E
E
E
E
E
E
E
E
E
E
E
E
E
E
E
E
E
E
E
E
E
E
E
E
E
E
E
E
E
E
E
E
E
E
E
E
E
E
E
E
E
E
E
E
E
E
E
E
E
E
E
E
E
E
E
E
E
E
E
E
E
E
E
E
E
E
E
E
E
E
E
E
E
E
E
E
E
E
E
E
E
E
E
E
E
E
E
E
E
E
E
E
E
E
E
E
E
E
E
E
E
E
E
E
E
E
E
E
E
E
E
E
E
E
E
E
E
E
E
E
E
E
E
E
E
E
E
E
E
E
E
E
E
E
E
E
E
E
E
E
E
E
E
E
E
E
E
E
E
E
E
E
E
E
E
E
E
E
E
E
E
E
E
E
E
E
E
E
E
E
E
E
E
E
E
E
E
E
E
E
E
E
E
E
E
E
E
E
E
E
E
E
E
E
E
E
E
E
E
E
E
E
E
E
E
E
E
E
E
E
E
E
E
E
E
E
E
E
E
E
E
E
E
E
E
E
E
E
E
E
E
E
E
E
E
E
E
E
E
E
E
E
E
E
E
E
E
E
E
E
E
E
E
E
E
E
E
E
E
E
E
E
E
E
E
E
E
E
E
E
E
E
E
E
E
E
E
E
E
E
E
E
E
E
E
E
E
E
E
E
E
E
E
E
E
E
E
E
E
E
E
E
E
E
E
E
E
E
E
E
E
E
E
E
E
E
E
E
E
E
E
E
E
E
E
E
E
E
E
E
E
E
E
E
E
E
E
E
E
E
E
E
E
E
E
E
E
E
E
E
E
E
E
E
E
E
E
E
E
E
E
E
E
E
E
E
E
E
E
E
E
E
E
E
E
E
E
E
E
E
E
E
E
E
E
E
E
E
E
E
E
E
E
E
E
E
E
E
E
E
E
E
E
E
E
E
E
E
E
E
E
E
E
E
E
E
E
E
E
E
E
E
E
E
E
E
E
E
E
E
E
E
E
E
E
E
E
E
E
E
E
E
E
E
E
E
E
E
E
E
E
E
E
E
E
E
E
E
E
E
E
E
E
E
E
E
E
E
E
E
E
E
E
E
E
E
E
E
E
E
E
